2024-11-16T17:32:26.971+08:00  INFO 16420 --- [springbootdemo] [restartedMain] c.s.s.SpringbootdemoApplication          : Starting SpringbootdemoApplication using Java 17.0.9 with PID 16420 (C:\Users\cylno\Downloads\springbootAPIREST-main\target\classes started by cylno in C:\Users\cylno\Downloads\springbootAPIREST-main)
2024-11-16T17:32:26.974+08:00  INFO 16420 --- [springbootdemo] [restartedMain] c.s.s.SpringbootdemoApplication          : No active profile set, falling back to 1 default profile: "default"
2024-11-16T17:32:27.030+08:00  INFO 16420 --- [springbootdemo] [restartedMain] .e.DevToolsPropertyDefaultsPostProcessor : Devtools property defaults active! Set 'spring.devtools.add-properties' to 'false' to disable
2024-11-16T17:32:27.031+08:00  INFO 16420 --- [springbootdemo] [restartedMain] .e.DevToolsPropertyDefaultsPostProcessor : For additional web related logging consider setting the 'logging.level.web' property to 'DEBUG'
2024-11-16T17:32:27.732+08:00  INFO 16420 --- [springbootdemo] [restartedMain] .s.d.r.c.RepositoryConfigurationDelegate : Bootstrapping Spring Data JPA repositories in DEFAULT mode.
2024-11-16T17:32:27.862+08:00  INFO 16420 --- [springbootdemo] [restartedMain] .s.d.r.c.RepositoryConfigurationDelegate : Finished Spring Data repository scanning in 115 ms. Found 1 JPA repository interface.
2024-11-16T17:32:28.552+08:00  INFO 16420 --- [springbootdemo] [restartedMain] o.s.b.w.embedded.tomcat.TomcatWebServer  : Tomcat initialized with port 8080 (http)
2024-11-16T17:32:28.571+08:00  INFO 16420 --- [springbootdemo] [restartedMain] o.apache.catalina.core.StandardService   : Starting service [Tomcat]
2024-11-16T17:32:28.572+08:00  INFO 16420 --- [springbootdemo] [restartedMain] o.apache.catalina.core.StandardEngine    : Starting Servlet engine: [Apache Tomcat/10.1.31]
2024-11-16T17:32:28.646+08:00  INFO 16420 --- [springbootdemo] [restartedMain] o.a.c.c.C.[Tomcat].[localhost].[/]       : Initializing Spring embedded WebApplicationContext
2024-11-16T17:32:28.647+08:00  INFO 16420 --- [springbootdemo] [restartedMain] w.s.c.ServletWebServerApplicationContext : Root WebApplicationContext: initialization completed in 1614 ms
2024-11-16T17:32:28.809+08:00  INFO 16420 --- [springbootdemo] [restartedMain] com.zaxxer.hikari.HikariDataSource       : HikariPool-1 - Starting...
2024-11-16T17:32:29.107+08:00  INFO 16420 --- [springbootdemo] [restartedMain] com.zaxxer.hikari.pool.HikariPool        : HikariPool-1 - Added connection com.mysql.cj.jdbc.ConnectionImpl@54308b98
2024-11-16T17:32:29.110+08:00  INFO 16420 --- [springbootdemo] [restartedMain] com.zaxxer.hikari.HikariDataSource       : HikariPool-1 - Start completed.
2024-11-16T17:32:29.165+08:00  INFO 16420 --- [springbootdemo] [restartedMain] o.hibernate.jpa.internal.util.LogHelper  : HHH000204: Processing PersistenceUnitInfo [name: default]
2024-11-16T17:32:29.217+08:00  INFO 16420 --- [springbootdemo] [restartedMain] org.hibernate.Version                    : HHH000412: Hibernate ORM core version 6.5.3.Final
2024-11-16T17:32:29.274+08:00  INFO 16420 --- [springbootdemo] [restartedMain] o.h.c.internal.RegionFactoryInitiator    : HHH000026: Second-level cache disabled
2024-11-16T17:32:29.656+08:00  INFO 16420 --- [springbootdemo] [restartedMain] o.s.o.j.p.SpringPersistenceUnitInfo      : No LoadTimeWeaver setup: ignoring JPA class transformer
2024-11-16T17:32:30.295+08:00  INFO 16420 --- [springbootdemo] [restartedMain] o.h.e.t.j.p.i.JtaPlatformInitiator       : HHH000489: No JTA platform available (set 'hibernate.transaction.jta.platform' to enable JTA platform integration)
2024-11-16T17:32:30.298+08:00  INFO 16420 --- [springbootdemo] [restartedMain] j.LocalContainerEntityManagerFactoryBean : Initialized JPA EntityManagerFactory for persistence unit 'default'
2024-11-16T17:32:30.714+08:00  WARN 16420 --- [springbootdemo] [restartedMain] JpaBaseConfiguration$JpaWebConfiguration : spring.jpa.open-in-view is enabled by default. Therefore, database queries may be performed during view rendering. Explicitly configure spring.jpa.open-in-view to disable this warning
2024-11-16T17:32:30.824+08:00 DEBUG 16420 --- [springbootdemo] [restartedMain] s.w.s.m.m.a.RequestMappingHandlerMapping : 9 mappings in 'requestMappingHandlerMapping'
2024-11-16T17:32:30.867+08:00 DEBUG 16420 --- [springbootdemo] [restartedMain] o.s.w.s.handler.SimpleUrlHandlerMapping  : Patterns [/webjars/**, /**] in 'resourceHandlerMapping'
2024-11-16T17:32:30.909+08:00 DEBUG 16420 --- [springbootdemo] [restartedMain] s.w.s.m.m.a.RequestMappingHandlerAdapter : ControllerAdvice beans: 0 @ModelAttribute, 0 @InitBinder, 1 RequestBodyAdvice, 1 ResponseBodyAdvice
2024-11-16T17:32:30.952+08:00 DEBUG 16420 --- [springbootdemo] [restartedMain] .m.m.a.ExceptionHandlerExceptionResolver : ControllerAdvice beans: 0 @ExceptionHandler, 1 ResponseBodyAdvice
2024-11-16T17:32:31.075+08:00  INFO 16420 --- [springbootdemo] [restartedMain] o.s.b.d.a.OptionalLiveReloadServer       : LiveReload server is running on port 35729
2024-11-16T17:32:31.164+08:00  INFO 16420 --- [springbootdemo] [restartedMain] o.s.b.w.embedded.tomcat.TomcatWebServer  : Tomcat started on port 8080 (http) with context path '/'
2024-11-16T17:32:31.174+08:00  INFO 16420 --- [springbootdemo] [restartedMain] c.s.s.SpringbootdemoApplication          : Started SpringbootdemoApplication in 4.582 seconds (process running for 5.021)
2024-11-16T17:32:39.955+08:00  INFO 16420 --- [springbootdemo] [http-nio-8080-exec-1] o.a.c.c.C.[Tomcat].[localhost].[/]       : Initializing Spring DispatcherServlet 'dispatcherServlet'
2024-11-16T17:32:39.955+08:00  INFO 16420 --- [springbootdemo] [http-nio-8080-exec-1] o.s.web.servlet.DispatcherServlet        : Initializing Servlet 'dispatcherServlet'
2024-11-16T17:32:39.955+08:00 DEBUG 16420 --- [springbootdemo] [http-nio-8080-exec-1] o.s.web.servlet.DispatcherServlet        : Detected StandardServletMultipartResolver
2024-11-16T17:32:39.955+08:00 DEBUG 16420 --- [springbootdemo] [http-nio-8080-exec-1] o.s.web.servlet.DispatcherServlet        : Detected AcceptHeaderLocaleResolver
2024-11-16T17:32:39.955+08:00 DEBUG 16420 --- [springbootdemo] [http-nio-8080-exec-1] o.s.web.servlet.DispatcherServlet        : Detected FixedThemeResolver
2024-11-16T17:32:39.956+08:00 DEBUG 16420 --- [springbootdemo] [http-nio-8080-exec-1] o.s.web.servlet.DispatcherServlet        : Detected org.springframework.web.servlet.view.DefaultRequestToViewNameTranslator@1f114559
2024-11-16T17:32:39.956+08:00 DEBUG 16420 --- [springbootdemo] [http-nio-8080-exec-1] o.s.web.servlet.DispatcherServlet        : Detected org.springframework.web.servlet.support.SessionFlashMapManager@3245f20c
2024-11-16T17:32:39.956+08:00 DEBUG 16420 --- [springbootdemo] [http-nio-8080-exec-1] o.s.web.servlet.DispatcherServlet        : enableLoggingRequestDetails='false': request parameters and headers will be masked to prevent unsafe logging of potentially sensitive data
2024-11-16T17:32:39.956+08:00  INFO 16420 --- [springbootdemo] [http-nio-8080-exec-1] o.s.web.servlet.DispatcherServlet        : Completed initialization in 1 ms
2024-11-16T17:32:39.965+08:00 DEBUG 16420 --- [springbootdemo] [http-nio-8080-exec-1] o.s.web.servlet.DispatcherServlet        : GET "/api/employees/2", parameters={}
2024-11-16T17:32:39.980+08:00 DEBUG 16420 --- [springbootdemo] [http-nio-8080-exec-1] s.w.s.m.m.a.RequestMappingHandlerMapping : Mapped to com.spring.springbootdemo.rest.EmployeeRestController#getEmployee(int)
2024-11-16T17:32:40.110+08:00 DEBUG 16420 --- [springbootdemo] [http-nio-8080-exec-1] m.m.a.RequestResponseBodyMethodProcessor : Using 'application/json', given [*/*] and supported [application/json, application/*+json]
2024-11-16T17:32:40.113+08:00 TRACE 16420 --- [springbootdemo] [http-nio-8080-exec-1] m.m.a.RequestResponseBodyMethodProcessor : Writing [Employee{id=2, firstName='Emma', lastName='Baumgarten', email='emma@luv2code.com'}]
2024-11-16T17:32:40.125+08:00 DEBUG 16420 --- [springbootdemo] [http-nio-8080-exec-1] o.s.web.servlet.DispatcherServlet        : Completed 200 OK
2024-11-16T17:33:30.020+08:00 DEBUG 16420 --- [springbootdemo] [http-nio-8080-exec-3] o.s.web.servlet.DispatcherServlet        : GET "/api/employees", parameters={}
2024-11-16T17:33:30.021+08:00 DEBUG 16420 --- [springbootdemo] [http-nio-8080-exec-3] s.w.s.m.m.a.RequestMappingHandlerMapping : Mapped to com.spring.springbootdemo.rest.EmployeeRestController#findAll()
2024-11-16T17:33:30.092+08:00 DEBUG 16420 --- [springbootdemo] [http-nio-8080-exec-3] m.m.a.RequestResponseBodyMethodProcessor : Using 'application/json', given [*/*] and supported [application/json, application/*+json]
2024-11-16T17:33:30.092+08:00 TRACE 16420 --- [springbootdemo] [http-nio-8080-exec-3] m.m.a.RequestResponseBodyMethodProcessor : Writing [[Employee{id=1, firstName='Leslie', lastName='Andrews', email='leslie@luv2code.com'}, Employee{id=2, firstName='Emma', lastName='Baumgarten', email='emma@luv2code.com'}, Employee{id=4, firstName='Yuri', lastName='Petrov', email='yuri@luv2code.com'}, Employee{id=5, firstName='Juan', lastName='Vega', email='juan@luv2code.com'}, Employee{id=6, firstName='Emilia', lastName='Muthu2', email='a@gmail.com'}, Employee{id=7, firstName='ALI2', lastName='Muthu2', email='a@gmail.com'}, Employee{id=8, firstName='Elena', lastName='THINKER', email='C@gmail.com'}]]
2024-11-16T17:33:30.094+08:00 DEBUG 16420 --- [springbootdemo] [http-nio-8080-exec-3] o.s.web.servlet.DispatcherServlet        : Completed 200 OK
2024-11-16T17:34:54.181+08:00  INFO 16420 --- [springbootdemo] [File Watcher] rtingClassPathChangeChangedEventListener : Restarting due to 1 class path change (0 additions, 0 deletions, 1 modification)
2024-11-16T17:34:54.227+08:00  INFO 16420 --- [springbootdemo] [Thread-5] j.LocalContainerEntityManagerFactoryBean : Closing JPA EntityManagerFactory for persistence unit 'default'
2024-11-16T17:34:54.231+08:00  INFO 16420 --- [springbootdemo] [Thread-5] com.zaxxer.hikari.HikariDataSource       : HikariPool-1 - Shutdown initiated...
2024-11-16T17:34:54.239+08:00  INFO 16420 --- [springbootdemo] [Thread-5] com.zaxxer.hikari.HikariDataSource       : HikariPool-1 - Shutdown completed.
2024-11-16 17:34:54 [restartedMain] INFO  c.s.s.SpringbootdemoApplication - Starting SpringbootdemoApplication using Java 17.0.9 with PID 16420 (C:\Users\cylno\Downloads\springbootAPIREST-main\target\classes started by cylno in C:\Users\cylno\Downloads\springbootAPIREST-main)
2024-11-16 17:34:54 [restartedMain] INFO  c.s.s.SpringbootdemoApplication - No active profile set, falling back to 1 default profile: "default"
2024-11-16 17:34:54 [restartedMain] INFO  o.s.d.r.c.RepositoryConfigurationDelegate - Bootstrapping Spring Data JPA repositories in DEFAULT mode.
2024-11-16 17:34:54 [restartedMain] INFO  o.s.d.r.c.RepositoryConfigurationDelegate - Finished Spring Data repository scanning in 9 ms. Found 1 JPA repository interface.
2024-11-16 17:34:54 [restartedMain] INFO  o.s.b.w.e.tomcat.TomcatWebServer - Tomcat initialized with port 8080 (http)
2024-11-16 17:34:54 [restartedMain] INFO  o.a.catalina.core.StandardService - Starting service [Tomcat]
2024-11-16 17:34:54 [restartedMain] INFO  o.a.catalina.core.StandardEngine - Starting Servlet engine: [Apache Tomcat/10.1.31]
2024-11-16 17:34:54 [restartedMain] INFO  o.a.c.c.C.[Tomcat].[localhost].[/] - Initializing Spring embedded WebApplicationContext
2024-11-16 17:34:54 [restartedMain] INFO  o.s.b.w.s.c.ServletWebServerApplicationContext - Root WebApplicationContext: initialization completed in 243 ms
2024-11-16 17:34:54 [restartedMain] INFO  com.zaxxer.hikari.HikariDataSource - HikariPool-2 - Starting...
2024-11-16 17:34:54 [restartedMain] INFO  com.zaxxer.hikari.pool.HikariPool - HikariPool-2 - Added connection com.mysql.cj.jdbc.ConnectionImpl@533258d0
2024-11-16 17:34:54 [restartedMain] INFO  com.zaxxer.hikari.HikariDataSource - HikariPool-2 - Start completed.
2024-11-16 17:34:54 [restartedMain] INFO  o.h.jpa.internal.util.LogHelper - HHH000204: Processing PersistenceUnitInfo [name: default]
2024-11-16 17:34:54 [restartedMain] INFO  o.h.c.i.RegionFactoryInitiator - HHH000026: Second-level cache disabled
2024-11-16 17:34:54 [restartedMain] INFO  o.s.o.j.p.SpringPersistenceUnitInfo - No LoadTimeWeaver setup: ignoring JPA class transformer
2024-11-16 17:34:54 [restartedMain] INFO  o.h.e.t.j.p.i.JtaPlatformInitiator - HHH000489: No JTA platform available (set 'hibernate.transaction.jta.platform' to enable JTA platform integration)
2024-11-16 17:34:54 [restartedMain] INFO  o.s.o.j.LocalContainerEntityManagerFactoryBean - Initialized JPA EntityManagerFactory for persistence unit 'default'
2024-11-16 17:34:54 [restartedMain] WARN  o.s.b.a.o.j.JpaBaseConfiguration$JpaWebConfiguration - spring.jpa.open-in-view is enabled by default. Therefore, database queries may be performed during view rendering. Explicitly configure spring.jpa.open-in-view to disable this warning
2024-11-16 17:34:54 [restartedMain] DEBUG o.s.w.s.m.m.a.RequestMappingHandlerMapping - 9 mappings in 'requestMappingHandlerMapping'
2024-11-16 17:34:54 [restartedMain] DEBUG o.s.w.s.h.SimpleUrlHandlerMapping - Patterns [/webjars/**, /**] in 'resourceHandlerMapping'
2024-11-16 17:34:54 [restartedMain] DEBUG o.s.w.s.m.m.a.RequestMappingHandlerAdapter - ControllerAdvice beans: 0 @ModelAttribute, 0 @InitBinder, 1 RequestBodyAdvice, 1 ResponseBodyAdvice
2024-11-16 17:34:54 [restartedMain] DEBUG o.s.w.s.m.m.a.ExceptionHandlerExceptionResolver - ControllerAdvice beans: 0 @ExceptionHandler, 1 ResponseBodyAdvice
2024-11-16 17:34:54 [restartedMain] INFO  o.s.b.d.a.OptionalLiveReloadServer - LiveReload server is running on port 35729
2024-11-16 17:34:54 [restartedMain] INFO  o.s.b.w.e.tomcat.TomcatWebServer - Tomcat started on port 8080 (http) with context path '/'
2024-11-16 17:34:54 [restartedMain] INFO  c.s.s.SpringbootdemoApplication - Started SpringbootdemoApplication in 0.512 seconds (process running for 148.638)
2024-11-16 17:34:54 [restartedMain] INFO  o.s.b.d.a.ConditionEvaluationDeltaLoggingListener - Condition evaluation unchanged
2024-11-16 17:34:57 [http-nio-8080-exec-2] INFO  o.a.c.c.C.[Tomcat].[localhost].[/] - Initializing Spring DispatcherServlet 'dispatcherServlet'
2024-11-16 17:34:57 [http-nio-8080-exec-2] INFO  o.s.web.servlet.DispatcherServlet - Initializing Servlet 'dispatcherServlet'
2024-11-16 17:34:57 [http-nio-8080-exec-2] DEBUG o.s.web.servlet.DispatcherServlet - Detected StandardServletMultipartResolver
2024-11-16 17:34:57 [http-nio-8080-exec-2] DEBUG o.s.web.servlet.DispatcherServlet - Detected AcceptHeaderLocaleResolver
2024-11-16 17:34:57 [http-nio-8080-exec-2] DEBUG o.s.web.servlet.DispatcherServlet - Detected FixedThemeResolver
2024-11-16 17:34:57 [http-nio-8080-exec-2] DEBUG o.s.web.servlet.DispatcherServlet - Detected org.springframework.web.servlet.view.DefaultRequestToViewNameTranslator@69d10657
2024-11-16 17:34:57 [http-nio-8080-exec-2] DEBUG o.s.web.servlet.DispatcherServlet - Detected org.springframework.web.servlet.support.SessionFlashMapManager@7aae05d
2024-11-16 17:34:57 [http-nio-8080-exec-2] DEBUG o.s.web.servlet.DispatcherServlet - enableLoggingRequestDetails='false': request parameters and headers will be masked to prevent unsafe logging of potentially sensitive data
2024-11-16 17:34:57 [http-nio-8080-exec-2] INFO  o.s.web.servlet.DispatcherServlet - Completed initialization in 1 ms
2024-11-16 17:34:57 [http-nio-8080-exec-2] DEBUG o.s.web.servlet.DispatcherServlet - GET "/api/employees", parameters={}
2024-11-16 17:34:57 [http-nio-8080-exec-2] DEBUG o.s.w.s.m.m.a.RequestMappingHandlerMapping - Mapped to com.spring.springbootdemo.rest.EmployeeRestController#findAll()
2024-11-16 17:34:57 [http-nio-8080-exec-2] DEBUG o.s.w.s.m.m.a.RequestResponseBodyMethodProcessor - Using 'application/json', given [*/*] and supported [application/json, application/*+json]
2024-11-16 17:34:57 [http-nio-8080-exec-2] TRACE o.s.w.s.m.m.a.RequestResponseBodyMethodProcessor - Writing [[Employee{id=1, firstName='Leslie', lastName='Andrews', email='leslie@luv2code.com'}, Employee{id=2, firstName='Emma', lastName='Baumgarten', email='emma@luv2code.com'}, Employee{id=4, firstName='Yuri', lastName='Petrov', email='yuri@luv2code.com'}, Employee{id=5, firstName='Juan', lastName='Vega', email='juan@luv2code.com'}, Employee{id=6, firstName='Emilia', lastName='Muthu2', email='a@gmail.com'}, Employee{id=7, firstName='ALI2', lastName='Muthu2', email='a@gmail.com'}, Employee{id=8, firstName='Elena', lastName='THINKER', email='C@gmail.com'}]]
2024-11-16 17:34:57 [http-nio-8080-exec-2] DEBUG o.s.web.servlet.DispatcherServlet - Completed 200 OK
2024-11-16 17:37:43 [File Watcher] INFO  o.s.b.d.a.LocalDevToolsAutoConfiguration$RestartingClassPathChangeChangedEventListener - Restarting due to 1 class path change (0 additions, 0 deletions, 1 modification)
2024-11-16 17:37:43 [Thread-7] INFO  o.s.o.j.LocalContainerEntityManagerFactoryBean - Closing JPA EntityManagerFactory for persistence unit 'default'
2024-11-16 17:37:43 [Thread-7] INFO  com.zaxxer.hikari.HikariDataSource - HikariPool-2 - Shutdown initiated...
2024-11-16 17:37:43 [Thread-7] INFO  com.zaxxer.hikari.HikariDataSource - HikariPool-2 - Shutdown completed.
2024-11-16 17:37:43 [restartedMain] INFO  c.s.s.SpringbootdemoApplication - Starting SpringbootdemoApplication using Java 17.0.9 with PID 16420 (C:\Users\cylno\Downloads\springbootAPIREST-main\target\classes started by cylno in C:\Users\cylno\Downloads\springbootAPIREST-main)
2024-11-16 17:37:43 [restartedMain] INFO  c.s.s.SpringbootdemoApplication - No active profile set, falling back to 1 default profile: "default"
2024-11-16 17:37:43 [restartedMain] INFO  o.s.d.r.c.RepositoryConfigurationDelegate - Bootstrapping Spring Data JPA repositories in DEFAULT mode.
2024-11-16 17:37:43 [restartedMain] INFO  o.s.d.r.c.RepositoryConfigurationDelegate - Finished Spring Data repository scanning in 9 ms. Found 1 JPA repository interface.
2024-11-16 17:37:43 [restartedMain] INFO  o.s.b.w.e.tomcat.TomcatWebServer - Tomcat initialized with port 8080 (http)
2024-11-16 17:37:43 [restartedMain] INFO  o.a.catalina.core.StandardService - Starting service [Tomcat]
2024-11-16 17:37:43 [restartedMain] INFO  o.a.catalina.core.StandardEngine - Starting Servlet engine: [Apache Tomcat/10.1.31]
2024-11-16 17:37:43 [restartedMain] INFO  o.a.c.c.C.[Tomcat].[localhost].[/] - Initializing Spring embedded WebApplicationContext
2024-11-16 17:37:43 [restartedMain] INFO  o.s.b.w.s.c.ServletWebServerApplicationContext - Root WebApplicationContext: initialization completed in 223 ms
2024-11-16 17:37:43 [restartedMain] INFO  com.zaxxer.hikari.HikariDataSource - HikariPool-3 - Starting...
2024-11-16 17:37:43 [restartedMain] INFO  com.zaxxer.hikari.pool.HikariPool - HikariPool-3 - Added connection com.mysql.cj.jdbc.ConnectionImpl@4c31f9c7
2024-11-16 17:37:43 [restartedMain] INFO  com.zaxxer.hikari.HikariDataSource - HikariPool-3 - Start completed.
2024-11-16 17:37:43 [restartedMain] INFO  o.h.jpa.internal.util.LogHelper - HHH000204: Processing PersistenceUnitInfo [name: default]
2024-11-16 17:37:43 [restartedMain] INFO  o.h.c.i.RegionFactoryInitiator - HHH000026: Second-level cache disabled
2024-11-16 17:37:43 [restartedMain] INFO  o.s.o.j.p.SpringPersistenceUnitInfo - No LoadTimeWeaver setup: ignoring JPA class transformer
2024-11-16 17:37:44 [restartedMain] INFO  o.h.e.t.j.p.i.JtaPlatformInitiator - HHH000489: No JTA platform available (set 'hibernate.transaction.jta.platform' to enable JTA platform integration)
2024-11-16 17:37:44 [restartedMain] INFO  o.s.o.j.LocalContainerEntityManagerFactoryBean - Initialized JPA EntityManagerFactory for persistence unit 'default'
2024-11-16 17:37:44 [restartedMain] WARN  o.s.b.a.o.j.JpaBaseConfiguration$JpaWebConfiguration - spring.jpa.open-in-view is enabled by default. Therefore, database queries may be performed during view rendering. Explicitly configure spring.jpa.open-in-view to disable this warning
2024-11-16 17:37:44 [restartedMain] DEBUG o.s.w.s.m.m.a.RequestMappingHandlerMapping - 9 mappings in 'requestMappingHandlerMapping'
2024-11-16 17:37:44 [restartedMain] DEBUG o.s.w.s.h.SimpleUrlHandlerMapping - Patterns [/webjars/**, /**] in 'resourceHandlerMapping'
2024-11-16 17:37:44 [restartedMain] DEBUG o.s.w.s.m.m.a.RequestMappingHandlerAdapter - ControllerAdvice beans: 0 @ModelAttribute, 0 @InitBinder, 1 RequestBodyAdvice, 1 ResponseBodyAdvice
2024-11-16 17:37:44 [restartedMain] DEBUG o.s.w.s.m.m.a.ExceptionHandlerExceptionResolver - ControllerAdvice beans: 0 @ExceptionHandler, 1 ResponseBodyAdvice
2024-11-16 17:37:44 [restartedMain] INFO  o.s.b.d.a.OptionalLiveReloadServer - LiveReload server is running on port 35729
2024-11-16 17:37:44 [restartedMain] INFO  o.s.b.w.e.tomcat.TomcatWebServer - Tomcat started on port 8080 (http) with context path '/'
2024-11-16 17:37:44 [restartedMain] INFO  c.s.s.SpringbootdemoApplication - Started SpringbootdemoApplication in 0.498 seconds (process running for 318.034)
2024-11-16 17:37:44 [restartedMain] INFO  o.s.b.d.a.ConditionEvaluationDeltaLoggingListener - Condition evaluation unchanged
2024-11-16 17:37:49 [http-nio-8080-exec-2] INFO  o.a.c.c.C.[Tomcat].[localhost].[/] - Initializing Spring DispatcherServlet 'dispatcherServlet'
2024-11-16 17:37:49 [http-nio-8080-exec-2] INFO  o.s.web.servlet.DispatcherServlet - Initializing Servlet 'dispatcherServlet'
2024-11-16 17:37:49 [http-nio-8080-exec-2] DEBUG o.s.web.servlet.DispatcherServlet - Detected StandardServletMultipartResolver
2024-11-16 17:37:49 [http-nio-8080-exec-2] DEBUG o.s.web.servlet.DispatcherServlet - Detected AcceptHeaderLocaleResolver
2024-11-16 17:37:49 [http-nio-8080-exec-2] DEBUG o.s.web.servlet.DispatcherServlet - Detected FixedThemeResolver
2024-11-16 17:37:49 [http-nio-8080-exec-2] DEBUG o.s.web.servlet.DispatcherServlet - Detected org.springframework.web.servlet.view.DefaultRequestToViewNameTranslator@56101e5b
2024-11-16 17:37:49 [http-nio-8080-exec-2] DEBUG o.s.web.servlet.DispatcherServlet - Detected org.springframework.web.servlet.support.SessionFlashMapManager@3e21a32d
2024-11-16 17:37:49 [http-nio-8080-exec-2] DEBUG o.s.web.servlet.DispatcherServlet - enableLoggingRequestDetails='false': request parameters and headers will be masked to prevent unsafe logging of potentially sensitive data
2024-11-16 17:37:49 [http-nio-8080-exec-2] INFO  o.s.web.servlet.DispatcherServlet - Completed initialization in 0 ms
2024-11-16 17:37:49 [http-nio-8080-exec-2] DEBUG o.s.web.servlet.DispatcherServlet - GET "/api/employees", parameters={}
2024-11-16 17:37:49 [http-nio-8080-exec-2] DEBUG o.s.w.s.m.m.a.RequestMappingHandlerMapping - Mapped to com.spring.springbootdemo.rest.EmployeeRestController#findAll()
2024-11-16 17:37:49 [http-nio-8080-exec-2] DEBUG o.s.w.s.m.m.a.RequestResponseBodyMethodProcessor - Using 'application/json', given [*/*] and supported [application/json, application/*+json]
2024-11-16 17:37:49 [http-nio-8080-exec-2] TRACE o.s.w.s.m.m.a.RequestResponseBodyMethodProcessor - Writing [[Employee{id=1, firstName='Leslie', lastName='Andrews', email='leslie@luv2code.com'}, Employee{id=2, firstName='Emma', lastName='Baumgarten', email='emma@luv2code.com'}, Employee{id=4, firstName='Yuri', lastName='Petrov', email='yuri@luv2code.com'}, Employee{id=5, firstName='Juan', lastName='Vega', email='juan@luv2code.com'}, Employee{id=6, firstName='Emilia', lastName='Muthu2', email='a@gmail.com'}, Employee{id=7, firstName='ALI2', lastName='Muthu2', email='a@gmail.com'}, Employee{id=8, firstName='Elena', lastName='THINKER', email='C@gmail.com'}]]
2024-11-16 17:37:49 [http-nio-8080-exec-2] DEBUG o.s.web.servlet.DispatcherServlet - Completed 200 OK
2024-11-16 17:40:13 [File Watcher] INFO  o.s.b.d.a.LocalDevToolsAutoConfiguration$RestartingClassPathChangeChangedEventListener - Restarting due to 1 class path change (0 additions, 0 deletions, 1 modification)
2024-11-16 17:40:13 [Thread-11] INFO  o.s.o.j.LocalContainerEntityManagerFactoryBean - Closing JPA EntityManagerFactory for persistence unit 'default'
2024-11-16 17:40:13 [Thread-11] INFO  com.zaxxer.hikari.HikariDataSource - HikariPool-3 - Shutdown initiated...
2024-11-16 17:40:13 [Thread-11] INFO  com.zaxxer.hikari.HikariDataSource - HikariPool-3 - Shutdown completed.
2024-11-16 17:40:13 [restartedMain] INFO  c.s.s.SpringbootdemoApplication - Starting SpringbootdemoApplication using Java 17.0.9 with PID 16420 (C:\Users\cylno\Downloads\springbootAPIREST-main\target\classes started by cylno in C:\Users\cylno\Downloads\springbootAPIREST-main)
2024-11-16 17:40:13 [restartedMain] INFO  c.s.s.SpringbootdemoApplication - No active profile set, falling back to 1 default profile: "default"
2024-11-16 17:40:13 [restartedMain] INFO  o.s.d.r.c.RepositoryConfigurationDelegate - Bootstrapping Spring Data JPA repositories in DEFAULT mode.
2024-11-16 17:40:13 [restartedMain] INFO  o.s.d.r.c.RepositoryConfigurationDelegate - Finished Spring Data repository scanning in 9 ms. Found 1 JPA repository interface.
2024-11-16 17:40:13 [restartedMain] INFO  o.s.b.w.e.tomcat.TomcatWebServer - Tomcat initialized with port 8080 (http)
2024-11-16 17:40:13 [restartedMain] INFO  o.a.catalina.core.StandardService - Starting service [Tomcat]
2024-11-16 17:40:13 [restartedMain] INFO  o.a.catalina.core.StandardEngine - Starting Servlet engine: [Apache Tomcat/10.1.31]
2024-11-16 17:40:13 [restartedMain] INFO  o.a.c.c.C.[Tomcat].[localhost].[/] - Initializing Spring embedded WebApplicationContext
2024-11-16 17:40:13 [restartedMain] INFO  o.s.b.w.s.c.ServletWebServerApplicationContext - Root WebApplicationContext: initialization completed in 219 ms
2024-11-16 17:40:13 [restartedMain] INFO  com.zaxxer.hikari.HikariDataSource - HikariPool-4 - Starting...
2024-11-16 17:40:13 [restartedMain] INFO  com.zaxxer.hikari.pool.HikariPool - HikariPool-4 - Added connection com.mysql.cj.jdbc.ConnectionImpl@3576fc7
2024-11-16 17:40:13 [restartedMain] INFO  com.zaxxer.hikari.HikariDataSource - HikariPool-4 - Start completed.
2024-11-16 17:40:13 [restartedMain] INFO  o.h.jpa.internal.util.LogHelper - HHH000204: Processing PersistenceUnitInfo [name: default]
2024-11-16 17:40:13 [restartedMain] INFO  o.h.c.i.RegionFactoryInitiator - HHH000026: Second-level cache disabled
2024-11-16 17:40:13 [restartedMain] INFO  o.s.o.j.p.SpringPersistenceUnitInfo - No LoadTimeWeaver setup: ignoring JPA class transformer
2024-11-16 17:40:13 [restartedMain] INFO  o.h.e.t.j.p.i.JtaPlatformInitiator - HHH000489: No JTA platform available (set 'hibernate.transaction.jta.platform' to enable JTA platform integration)
2024-11-16 17:40:13 [restartedMain] INFO  o.s.o.j.LocalContainerEntityManagerFactoryBean - Initialized JPA EntityManagerFactory for persistence unit 'default'
2024-11-16 17:40:13 [restartedMain] WARN  o.s.b.a.o.j.JpaBaseConfiguration$JpaWebConfiguration - spring.jpa.open-in-view is enabled by default. Therefore, database queries may be performed during view rendering. Explicitly configure spring.jpa.open-in-view to disable this warning
2024-11-16 17:40:13 [restartedMain] DEBUG o.s.w.s.m.m.a.RequestMappingHandlerMapping - 9 mappings in 'requestMappingHandlerMapping'
2024-11-16 17:40:13 [restartedMain] DEBUG o.s.w.s.h.SimpleUrlHandlerMapping - Patterns [/webjars/**, /**] in 'resourceHandlerMapping'
2024-11-16 17:40:13 [restartedMain] DEBUG o.s.w.s.m.m.a.RequestMappingHandlerAdapter - ControllerAdvice beans: 0 @ModelAttribute, 0 @InitBinder, 1 RequestBodyAdvice, 1 ResponseBodyAdvice
2024-11-16 17:40:13 [restartedMain] DEBUG o.s.w.s.m.m.a.ExceptionHandlerExceptionResolver - ControllerAdvice beans: 0 @ExceptionHandler, 1 ResponseBodyAdvice
2024-11-16 17:40:13 [restartedMain] INFO  o.s.b.d.a.OptionalLiveReloadServer - LiveReload server is running on port 35729
2024-11-16 17:40:13 [restartedMain] INFO  o.s.b.w.e.tomcat.TomcatWebServer - Tomcat started on port 8080 (http) with context path '/'
2024-11-16 17:40:13 [restartedMain] INFO  c.s.s.SpringbootdemoApplication - Started SpringbootdemoApplication in 0.408 seconds (process running for 467.432)
2024-11-16 17:40:13 [restartedMain] INFO  o.s.b.d.a.ConditionEvaluationDeltaLoggingListener - Condition evaluation unchanged
2024-11-16 17:40:19 [http-nio-8080-exec-2] INFO  o.a.c.c.C.[Tomcat].[localhost].[/] - Initializing Spring DispatcherServlet 'dispatcherServlet'
2024-11-16 17:40:19 [http-nio-8080-exec-2] INFO  o.s.web.servlet.DispatcherServlet - Initializing Servlet 'dispatcherServlet'
2024-11-16 17:40:19 [http-nio-8080-exec-2] DEBUG o.s.web.servlet.DispatcherServlet - Detected StandardServletMultipartResolver
2024-11-16 17:40:19 [http-nio-8080-exec-2] DEBUG o.s.web.servlet.DispatcherServlet - Detected AcceptHeaderLocaleResolver
2024-11-16 17:40:19 [http-nio-8080-exec-2] DEBUG o.s.web.servlet.DispatcherServlet - Detected FixedThemeResolver
2024-11-16 17:40:19 [http-nio-8080-exec-2] DEBUG o.s.web.servlet.DispatcherServlet - Detected org.springframework.web.servlet.view.DefaultRequestToViewNameTranslator@3bde87b7
2024-11-16 17:40:19 [http-nio-8080-exec-2] DEBUG o.s.web.servlet.DispatcherServlet - Detected org.springframework.web.servlet.support.SessionFlashMapManager@5605ea01
2024-11-16 17:40:19 [http-nio-8080-exec-2] DEBUG o.s.web.servlet.DispatcherServlet - enableLoggingRequestDetails='false': request parameters and headers will be masked to prevent unsafe logging of potentially sensitive data
2024-11-16 17:40:19 [http-nio-8080-exec-2] INFO  o.s.web.servlet.DispatcherServlet - Completed initialization in 1 ms
2024-11-16 17:40:19 [http-nio-8080-exec-2] DEBUG o.s.web.servlet.DispatcherServlet - GET "/api/employees", parameters={}
2024-11-16 17:40:19 [http-nio-8080-exec-2] DEBUG o.s.w.s.m.m.a.RequestMappingHandlerMapping - Mapped to com.spring.springbootdemo.rest.EmployeeRestController#findAll()
2024-11-16 17:40:19 [http-nio-8080-exec-2] DEBUG o.s.w.s.m.m.a.RequestResponseBodyMethodProcessor - Using 'application/json', given [*/*] and supported [application/json, application/*+json]
2024-11-16 17:40:19 [http-nio-8080-exec-2] TRACE o.s.w.s.m.m.a.RequestResponseBodyMethodProcessor - Writing [[Employee{id=1, firstName='Leslie', lastName='Andrews', email='leslie@luv2code.com'}, Employee{id=2, firstName='Emma', lastName='Baumgarten', email='emma@luv2code.com'}, Employee{id=4, firstName='Yuri', lastName='Petrov', email='yuri@luv2code.com'}, Employee{id=5, firstName='Juan', lastName='Vega', email='juan@luv2code.com'}, Employee{id=6, firstName='Emilia', lastName='Muthu2', email='a@gmail.com'}, Employee{id=7, firstName='ALI2', lastName='Muthu2', email='a@gmail.com'}, Employee{id=8, firstName='Elena', lastName='THINKER', email='C@gmail.com'}]]
2024-11-16 17:40:19 [http-nio-8080-exec-2] DEBUG o.s.web.servlet.DispatcherServlet - Completed 200 OK
2024-11-16 17:40:57 [restartedMain] INFO  c.s.s.SpringbootdemoApplication - Starting SpringbootdemoApplication using Java 17.0.9 with PID 20472 (C:\Users\cylno\Downloads\springbootAPIREST-main\target\classes started by cylno in C:\Users\cylno\Downloads\springbootAPIREST-main)
2024-11-16 17:40:57 [restartedMain] INFO  c.s.s.SpringbootdemoApplication - No active profile set, falling back to 1 default profile: "default"
2024-11-16 17:40:57 [restartedMain] INFO  o.s.b.d.e.DevToolsPropertyDefaultsPostProcessor - Devtools property defaults active! Set 'spring.devtools.add-properties' to 'false' to disable
2024-11-16 17:40:57 [restartedMain] INFO  o.s.b.d.e.DevToolsPropertyDefaultsPostProcessor - For additional web related logging consider setting the 'logging.level.web' property to 'DEBUG'
2024-11-16 17:40:58 [restartedMain] INFO  o.s.d.r.c.RepositoryConfigurationDelegate - Bootstrapping Spring Data JPA repositories in DEFAULT mode.
2024-11-16 17:40:58 [restartedMain] INFO  o.s.d.r.c.RepositoryConfigurationDelegate - Finished Spring Data repository scanning in 134 ms. Found 1 JPA repository interface.
2024-11-16 17:40:59 [restartedMain] INFO  o.s.b.w.e.tomcat.TomcatWebServer - Tomcat initialized with port 8080 (http)
2024-11-16 17:40:59 [restartedMain] INFO  o.a.catalina.core.StandardService - Starting service [Tomcat]
2024-11-16 17:40:59 [restartedMain] INFO  o.a.catalina.core.StandardEngine - Starting Servlet engine: [Apache Tomcat/10.1.31]
2024-11-16 17:40:59 [restartedMain] INFO  o.a.c.c.C.[Tomcat].[localhost].[/] - Initializing Spring embedded WebApplicationContext
2024-11-16 17:40:59 [restartedMain] INFO  o.s.b.w.s.c.ServletWebServerApplicationContext - Root WebApplicationContext: initialization completed in 1697 ms
2024-11-16 17:40:59 [restartedMain] INFO  com.zaxxer.hikari.HikariDataSource - HikariPool-1 - Starting...
2024-11-16 17:41:00 [restartedMain] INFO  com.zaxxer.hikari.pool.HikariPool - HikariPool-1 - Added connection com.mysql.cj.jdbc.ConnectionImpl@202c381d
2024-11-16 17:41:00 [restartedMain] INFO  com.zaxxer.hikari.HikariDataSource - HikariPool-1 - Start completed.
2024-11-16 17:41:00 [restartedMain] INFO  o.h.jpa.internal.util.LogHelper - HHH000204: Processing PersistenceUnitInfo [name: default]
2024-11-16 17:41:00 [restartedMain] INFO  org.hibernate.Version - HHH000412: Hibernate ORM core version 6.5.3.Final
2024-11-16 17:41:00 [restartedMain] INFO  o.h.c.i.RegionFactoryInitiator - HHH000026: Second-level cache disabled
2024-11-16 17:41:00 [restartedMain] INFO  o.s.o.j.p.SpringPersistenceUnitInfo - No LoadTimeWeaver setup: ignoring JPA class transformer
2024-11-16 17:41:01 [restartedMain] INFO  o.h.e.t.j.p.i.JtaPlatformInitiator - HHH000489: No JTA platform available (set 'hibernate.transaction.jta.platform' to enable JTA platform integration)
2024-11-16 17:41:01 [restartedMain] INFO  o.s.o.j.LocalContainerEntityManagerFactoryBean - Initialized JPA EntityManagerFactory for persistence unit 'default'
2024-11-16 17:41:01 [restartedMain] WARN  o.s.b.a.o.j.JpaBaseConfiguration$JpaWebConfiguration - spring.jpa.open-in-view is enabled by default. Therefore, database queries may be performed during view rendering. Explicitly configure spring.jpa.open-in-view to disable this warning
2024-11-16 17:41:01 [restartedMain] DEBUG o.s.w.s.m.m.a.RequestMappingHandlerMapping - 9 mappings in 'requestMappingHandlerMapping'
2024-11-16 17:41:01 [restartedMain] DEBUG o.s.w.s.h.SimpleUrlHandlerMapping - Patterns [/webjars/**, /**] in 'resourceHandlerMapping'
2024-11-16 17:41:02 [restartedMain] DEBUG o.s.w.s.m.m.a.RequestMappingHandlerAdapter - ControllerAdvice beans: 0 @ModelAttribute, 0 @InitBinder, 1 RequestBodyAdvice, 1 ResponseBodyAdvice
2024-11-16 17:41:02 [restartedMain] DEBUG o.s.w.s.m.m.a.ExceptionHandlerExceptionResolver - ControllerAdvice beans: 0 @ExceptionHandler, 1 ResponseBodyAdvice
2024-11-16 17:41:02 [restartedMain] INFO  o.s.b.d.a.OptionalLiveReloadServer - LiveReload server is running on port 35729
2024-11-16 17:41:02 [restartedMain] INFO  o.s.b.w.e.tomcat.TomcatWebServer - Tomcat started on port 8080 (http) with context path '/'
2024-11-16 17:41:02 [restartedMain] INFO  c.s.s.SpringbootdemoApplication - Started SpringbootdemoApplication in 4.881 seconds (process running for 5.318)
2024-11-16 17:43:42 [File Watcher] INFO  o.s.b.d.a.LocalDevToolsAutoConfiguration$RestartingClassPathChangeChangedEventListener - Restarting due to 1 class path change (1 addition, 0 deletions, 0 modifications)
2024-11-16 17:43:42 [Thread-5] INFO  o.s.o.j.LocalContainerEntityManagerFactoryBean - Closing JPA EntityManagerFactory for persistence unit 'default'
2024-11-16 17:43:42 [Thread-5] INFO  com.zaxxer.hikari.HikariDataSource - HikariPool-1 - Shutdown initiated...
2024-11-16 17:43:42 [Thread-5] INFO  com.zaxxer.hikari.HikariDataSource - HikariPool-1 - Shutdown completed.
